mode: set
github.com/yuvan11/wazirx-go/wazirx-client/HistoricalTrade.go:27.85,30.2 2 0
github.com/yuvan11/wazirx-go/wazirx-client/HistoricalTrade.go:32.82,35.2 2 0
github.com/yuvan11/wazirx-go/wazirx-client/HistoricalTrade.go:37.108,47.17 2 1
github.com/yuvan11/wazirx-go/wazirx-client/HistoricalTrade.go:51.2,51.20 1 1
github.com/yuvan11/wazirx-go/wazirx-client/HistoricalTrade.go:55.2,57.16 2 1
github.com/yuvan11/wazirx-go/wazirx-client/HistoricalTrade.go:61.2,63.54 2 1
github.com/yuvan11/wazirx-go/wazirx-client/HistoricalTrade.go:67.2,67.20 1 1
github.com/yuvan11/wazirx-go/wazirx-client/HistoricalTrade.go:47.17,49.3 1 1
github.com/yuvan11/wazirx-go/wazirx-client/HistoricalTrade.go:51.20,53.3 1 1
github.com/yuvan11/wazirx-go/wazirx-client/HistoricalTrade.go:57.16,59.3 1 0
github.com/yuvan11/wazirx-go/wazirx-client/HistoricalTrade.go:63.54,65.3 1 0
github.com/yuvan11/wazirx-go/wazirx-client/errors.go:10.40,12.2 1 0
github.com/yuvan11/wazirx-go/wazirx-client/general-api.go:19.84,29.16 3 1
github.com/yuvan11/wazirx-go/wazirx-client/general-api.go:32.2,34.17 2 1
github.com/yuvan11/wazirx-go/wazirx-client/general-api.go:29.16,31.3 1 0
github.com/yuvan11/wazirx-go/wazirx-client/general-api.go:57.93,67.16 3 1
github.com/yuvan11/wazirx-go/wazirx-client/general-api.go:71.2,73.54 2 1
github.com/yuvan11/wazirx-go/wazirx-client/general-api.go:77.2,77.20 1 1
github.com/yuvan11/wazirx-go/wazirx-client/general-api.go:67.16,69.3 1 0
github.com/yuvan11/wazirx-go/wazirx-client/general-api.go:73.54,75.3 1 0
github.com/yuvan11/wazirx-go/wazirx-client/general-api.go:80.87,90.16 3 1
github.com/yuvan11/wazirx-go/wazirx-client/general-api.go:94.2,96.54 2 1
github.com/yuvan11/wazirx-go/wazirx-client/general-api.go:100.2,100.20 1 1
github.com/yuvan11/wazirx-go/wazirx-client/general-api.go:90.16,92.3 1 0
github.com/yuvan11/wazirx-go/wazirx-client/general-api.go:96.54,98.3 1 0
github.com/yuvan11/wazirx-go/wazirx-client/general-api.go:133.93,143.16 3 1
github.com/yuvan11/wazirx-go/wazirx-client/general-api.go:147.2,149.54 2 1
github.com/yuvan11/wazirx-go/wazirx-client/general-api.go:153.2,153.20 1 1
github.com/yuvan11/wazirx-go/wazirx-client/general-api.go:143.16,145.3 1 0
github.com/yuvan11/wazirx-go/wazirx-client/general-api.go:149.54,151.3 1 0
github.com/yuvan11/wazirx-go/wazirx-client/recentTrades.go:26.77,29.2 2 0
github.com/yuvan11/wazirx-go/wazirx-client/recentTrades.go:31.74,34.2 2 0
github.com/yuvan11/wazirx-go/wazirx-client/recentTrades.go:36.102,44.17 2 1
github.com/yuvan11/wazirx-go/wazirx-client/recentTrades.go:48.2,48.20 1 1
github.com/yuvan11/wazirx-go/wazirx-client/recentTrades.go:52.2,54.16 2 1
github.com/yuvan11/wazirx-go/wazirx-client/recentTrades.go:58.2,60.54 2 1
github.com/yuvan11/wazirx-go/wazirx-client/recentTrades.go:64.2,64.20 1 1
github.com/yuvan11/wazirx-go/wazirx-client/recentTrades.go:44.17,46.3 1 1
github.com/yuvan11/wazirx-go/wazirx-client/recentTrades.go:48.20,50.3 1 1
github.com/yuvan11/wazirx-go/wazirx-client/recentTrades.go:54.16,56.3 1 0
github.com/yuvan11/wazirx-go/wazirx-client/recentTrades.go:60.54,62.3 1 0
github.com/yuvan11/wazirx-go/wazirx-client/ticker.go:30.65,33.2 2 0
github.com/yuvan11/wazirx-go/wazirx-client/ticker.go:35.74,43.20 2 1
github.com/yuvan11/wazirx-go/wazirx-client/ticker.go:47.2,49.16 2 1
github.com/yuvan11/wazirx-go/wazirx-client/ticker.go:53.2,55.54 2 1
github.com/yuvan11/wazirx-go/wazirx-client/ticker.go:59.2,59.20 1 1
github.com/yuvan11/wazirx-go/wazirx-client/ticker.go:43.20,45.3 1 1
github.com/yuvan11/wazirx-go/wazirx-client/ticker.go:49.16,51.3 1 0
github.com/yuvan11/wazirx-go/wazirx-client/ticker.go:55.54,57.3 1 0
github.com/yuvan11/wazirx-go/wazirx-client/accountInfo.go:24.90,36.16 3 1
github.com/yuvan11/wazirx-go/wazirx-client/accountInfo.go:40.2,42.54 2 1
github.com/yuvan11/wazirx-go/wazirx-client/accountInfo.go:46.2,46.20 1 1
github.com/yuvan11/wazirx-go/wazirx-client/accountInfo.go:36.16,38.3 1 0
github.com/yuvan11/wazirx-go/wazirx-client/accountInfo.go:42.54,44.3 1 0
github.com/yuvan11/wazirx-go/wazirx-client/authToken.go:22.83,34.16 3 1
github.com/yuvan11/wazirx-go/wazirx-client/authToken.go:38.2,40.54 2 1
github.com/yuvan11/wazirx-go/wazirx-client/authToken.go:44.2,44.20 1 1
github.com/yuvan11/wazirx-go/wazirx-client/authToken.go:34.16,36.3 1 0
github.com/yuvan11/wazirx-go/wazirx-client/authToken.go:40.54,42.3 1 0
github.com/yuvan11/wazirx-go/wazirx-client/client.go:30.55,35.16 3 1
github.com/yuvan11/wazirx-go/wazirx-client/client.go:38.2,42.22 3 1
github.com/yuvan11/wazirx-go/wazirx-client/client.go:45.2,45.21 1 1
github.com/yuvan11/wazirx-go/wazirx-client/client.go:49.2,57.21 5 1
github.com/yuvan11/wazirx-go/wazirx-client/client.go:61.2,61.22 1 1
github.com/yuvan11/wazirx-go/wazirx-client/client.go:66.2,66.62 1 1
github.com/yuvan11/wazirx-go/wazirx-client/client.go:71.2,71.32 1 1
github.com/yuvan11/wazirx-go/wazirx-client/client.go:88.2,88.23 1 1
github.com/yuvan11/wazirx-go/wazirx-client/client.go:92.2,96.12 4 1
github.com/yuvan11/wazirx-go/wazirx-client/client.go:35.16,37.3 1 0
github.com/yuvan11/wazirx-go/wazirx-client/client.go:42.22,44.3 1 1
github.com/yuvan11/wazirx-go/wazirx-client/client.go:45.21,47.3 1 1
github.com/yuvan11/wazirx-go/wazirx-client/client.go:57.21,59.3 1 0
github.com/yuvan11/wazirx-go/wazirx-client/client.go:61.22,64.3 2 0
github.com/yuvan11/wazirx-go/wazirx-client/client.go:66.62,69.3 2 1
github.com/yuvan11/wazirx-go/wazirx-client/client.go:71.32,76.17 5 1
github.com/yuvan11/wazirx-go/wazirx-client/client.go:79.3,81.24 3 1
github.com/yuvan11/wazirx-go/wazirx-client/client.go:76.17,78.4 1 0
github.com/yuvan11/wazirx-go/wazirx-client/client.go:81.24,83.4 1 0
github.com/yuvan11/wazirx-go/wazirx-client/client.go:83.9,85.4 1 1
github.com/yuvan11/wazirx-go/wazirx-client/client.go:88.23,90.3 1 1
github.com/yuvan11/wazirx-go/wazirx-client/client.go:100.86,105.16 3 1
github.com/yuvan11/wazirx-go/wazirx-client/client.go:109.2,111.16 2 1
github.com/yuvan11/wazirx-go/wazirx-client/client.go:115.2,119.14 4 1
github.com/yuvan11/wazirx-go/wazirx-client/client.go:122.2,124.16 2 1
github.com/yuvan11/wazirx-go/wazirx-client/client.go:128.2,130.16 2 1
github.com/yuvan11/wazirx-go/wazirx-client/client.go:134.2,134.15 1 1
github.com/yuvan11/wazirx-go/wazirx-client/client.go:141.2,141.45 1 1
github.com/yuvan11/wazirx-go/wazirx-client/client.go:149.2,149.18 1 1
github.com/yuvan11/wazirx-go/wazirx-client/client.go:105.16,107.3 1 0
github.com/yuvan11/wazirx-go/wazirx-client/client.go:111.16,113.3 1 0
github.com/yuvan11/wazirx-go/wazirx-client/client.go:119.14,121.3 1 1
github.com/yuvan11/wazirx-go/wazirx-client/client.go:124.16,126.3 1 0
github.com/yuvan11/wazirx-go/wazirx-client/client.go:130.16,132.3 1 0
github.com/yuvan11/wazirx-go/wazirx-client/client.go:134.15,136.36 2 1
github.com/yuvan11/wazirx-go/wazirx-client/client.go:136.36,138.4 1 0
github.com/yuvan11/wazirx-go/wazirx-client/client.go:141.45,144.15 3 0
github.com/yuvan11/wazirx-go/wazirx-client/client.go:147.3,147.21 1 0
github.com/yuvan11/wazirx-go/wazirx-client/client.go:144.15,146.4 1 0
github.com/yuvan11/wazirx-go/wazirx-client/client.go:156.48,158.2 1 0
github.com/yuvan11/wazirx-go/wazirx-client/client.go:161.60,163.2 1 0
github.com/yuvan11/wazirx-go/wazirx-client/client.go:166.64,168.2 1 0
github.com/yuvan11/wazirx-go/wazirx-client/client.go:171.64,173.2 1 0
github.com/yuvan11/wazirx-go/wazirx-client/client.go:176.54,178.2 1 0
github.com/yuvan11/wazirx-go/wazirx-client/client.go:181.52,183.2 1 0
github.com/yuvan11/wazirx-go/wazirx-client/client.go:186.68,188.2 1 0
github.com/yuvan11/wazirx-go/wazirx-client/client.go:191.64,193.2 1 0
github.com/yuvan11/wazirx-go/wazirx-client/client.go:196.72,198.2 1 0
github.com/yuvan11/wazirx-go/wazirx-client/client.go:203.62,205.2 1 0
github.com/yuvan11/wazirx-go/wazirx-client/client.go:208.56,210.2 1 0
github.com/yuvan11/wazirx-go/wazirx-client/client.go:215.56,217.2 1 0
github.com/yuvan11/wazirx-go/wazirx-client/funds.go:24.84,36.16 3 1
github.com/yuvan11/wazirx-go/wazirx-client/funds.go:40.2,42.54 2 1
github.com/yuvan11/wazirx-go/wazirx-client/funds.go:46.2,46.20 1 1
github.com/yuvan11/wazirx-go/wazirx-client/funds.go:36.16,38.3 1 0
github.com/yuvan11/wazirx-go/wazirx-client/funds.go:42.54,44.3 1 0
github.com/yuvan11/wazirx-go/wazirx-client/orderBookDepth.go:31.81,34.2 2 0
github.com/yuvan11/wazirx-go/wazirx-client/orderBookDepth.go:36.78,39.2 2 0
github.com/yuvan11/wazirx-go/wazirx-client/orderBookDepth.go:41.102,51.17 2 1
github.com/yuvan11/wazirx-go/wazirx-client/orderBookDepth.go:55.2,55.20 1 1
github.com/yuvan11/wazirx-go/wazirx-client/orderBookDepth.go:59.2,61.16 2 1
github.com/yuvan11/wazirx-go/wazirx-client/orderBookDepth.go:66.2,68.54 2 1
github.com/yuvan11/wazirx-go/wazirx-client/orderBookDepth.go:72.2,72.20 1 1
github.com/yuvan11/wazirx-go/wazirx-client/orderBookDepth.go:51.17,53.3 1 1
github.com/yuvan11/wazirx-go/wazirx-client/orderBookDepth.go:55.20,57.3 1 1
github.com/yuvan11/wazirx-go/wazirx-client/orderBookDepth.go:61.16,63.3 1 0
github.com/yuvan11/wazirx-go/wazirx-client/orderBookDepth.go:68.54,70.3 1 0
github.com/yuvan11/wazirx-go/wazirx-client/request.go:34.68,35.20 1 0
github.com/yuvan11/wazirx-go/wazirx-client/request.go:38.2,39.10 2 0
github.com/yuvan11/wazirx-go/wazirx-client/request.go:35.20,37.3 1 0
github.com/yuvan11/wazirx-go/wazirx-client/request.go:43.68,44.20 1 1
github.com/yuvan11/wazirx-go/wazirx-client/request.go:47.2,48.10 2 1
github.com/yuvan11/wazirx-go/wazirx-client/request.go:44.20,46.3 1 1
github.com/yuvan11/wazirx-go/wazirx-client/request.go:52.48,53.22 1 0
github.com/yuvan11/wazirx-go/wazirx-client/request.go:56.2,56.10 1 0
github.com/yuvan11/wazirx-go/wazirx-client/request.go:53.22,55.3 1 0
github.com/yuvan11/wazirx-go/wazirx-client/request.go:60.72,61.19 1 0
github.com/yuvan11/wazirx-go/wazirx-client/request.go:64.2,65.10 2 0
github.com/yuvan11/wazirx-go/wazirx-client/request.go:61.19,63.3 1 0
github.com/yuvan11/wazirx-go/wazirx-client/request.go:69.52,70.22 1 0
github.com/yuvan11/wazirx-go/wazirx-client/request.go:73.2,73.10 1 0
github.com/yuvan11/wazirx-go/wazirx-client/request.go:70.22,72.3 1 0
github.com/yuvan11/wazirx-go/wazirx-client/request.go:76.45,78.20 1 1
github.com/yuvan11/wazirx-go/wazirx-client/request.go:81.2,81.19 1 1
github.com/yuvan11/wazirx-go/wazirx-client/request.go:85.2,85.12 1 1
github.com/yuvan11/wazirx-go/wazirx-client/request.go:78.20,80.3 1 1
github.com/yuvan11/wazirx-go/wazirx-client/request.go:81.19,83.3 1 1
github.com/yuvan11/wazirx-go/wazirx-client/request.go:92.53,93.26 1 0
github.com/yuvan11/wazirx-go/wazirx-client/request.go:93.26,95.3 1 0
github.com/yuvan11/wazirx-go/wazirx-client/request.go:99.64,100.26 1 0
github.com/yuvan11/wazirx-go/wazirx-client/request.go:100.26,101.22 1 0
github.com/yuvan11/wazirx-go/wazirx-client/request.go:104.3,104.14 1 0
github.com/yuvan11/wazirx-go/wazirx-client/request.go:101.22,103.4 1 0
github.com/yuvan11/wazirx-go/wazirx-client/request.go:104.14,106.4 1 0
github.com/yuvan11/wazirx-go/wazirx-client/request.go:106.9,108.4 1 0
github.com/yuvan11/wazirx-go/wazirx-client/request.go:113.52,114.26 1 0
github.com/yuvan11/wazirx-go/wazirx-client/request.go:114.26,116.3 1 0
github.com/yuvan11/wazirx-go/wazirx-client/tickers.go:30.86,40.16 3 1
github.com/yuvan11/wazirx-go/wazirx-client/tickers.go:44.2,46.54 2 1
github.com/yuvan11/wazirx-go/wazirx-client/tickers.go:50.2,50.20 1 1
github.com/yuvan11/wazirx-go/wazirx-client/tickers.go:40.16,42.3 1 0
github.com/yuvan11/wazirx-go/wazirx-client/tickers.go:46.54,48.3 1 0
